<?xml version="1.0" encoding="UTF-8"?>
<testsuite name="Book Service Unit Tests" tests="5" skipped="0" failures="0" errors="0" timestamp="2023-02-09T22:40:25" hostname="Sanjs-Air.broadband" time="0.007">
  <properties/>
  <testcase name="given Book id, when get Book, then Book is retrieved" classname="example.service.BookServiceTest" time="0.002"/>
  <testcase name="when list Book, then Books are retrieved" classname="example.service.BookServiceTest" time="0.001"/>
  <testcase name="given Book incomplete data, when create new Book, then exception is thrown" classname="example.service.BookServiceTest" time="0.002"/>
  <testcase name="given Book data, when create new Book, then Book id is returned" classname="example.service.BookServiceTest" time="0.001"/>
  <testcase name="given Book id, when get non existing Book, then exception is thrown" classname="example.service.BookServiceTest" time="0.001"/>
  <system-out><![CDATA[]]></system-out>
  <system-err><![CDATA[]]></system-err>
</testsuite>
