<?xml version="1.0" encoding="UTF-8"?>
<testsuite name="Author Mapper Unit Tests" tests="2" skipped="0" failures="0" errors="0" timestamp="2023-02-09T22:40:18" hostname="Sanjs-Air.broadband" time="0.036">
  <properties/>
  <testcase name="when convert Author entity to Author dto, then correct" classname="example.dto.AuthorDtoTest" time="0.034"/>
  <testcase name="when convert Author dto to Author entity, then correct" classname="example.dto.AuthorDtoTest" time="0.001"/>
  <system-out><![CDATA[]]></system-out>
  <system-err><![CDATA[]]></system-err>
</testsuite>
