<?xml version="1.0" encoding="UTF-8"?>
<testsuite name="Author Service Unit Tests" tests="4" skipped="0" failures="0" errors="0" timestamp="2023-02-09T22:40:25" hostname="Sanjs-Air.broadband" time="0.003">
  <properties/>
  <testcase name="given Author data, when create new Author, then Author id is returned" classname="example.service.AuthorServiceTest" time="0.001"/>
  <testcase name="given Author id, when delete non existing Author, then exception is thrown" classname="example.service.AuthorServiceTest" time="0.001"/>
  <testcase name="given Author id, when delete Author, then Author is retrieved" classname="example.service.AuthorServiceTest" time="0.0"/>
  <testcase name="given Ad incomplete data, when create new Ad, then exception is thrown" classname="example.service.AuthorServiceTest" time="0.001"/>
  <system-out><![CDATA[]]></system-out>
  <system-err><![CDATA[]]></system-err>
</testsuite>
