<?xml version="1.0" encoding="UTF-8"?>
<testsuite name="Book Repository Integration Tests" tests="3" skipped="0" failures="0" errors="0" timestamp="2023-02-09T22:40:23" hostname="Sanjs-Air.broadband" time="0.052">
  <properties/>
  <testcase name="when deleteById from repository, then deleting should be successful" classname="example.repository.BookRepositoryTest" time="0.012"/>
  <testcase name="when deleteAll  from repository, then repository should be restored" classname="example.repository.BookRepositoryTest" time="0.009"/>
  <testcase name="when delete from derived query, then deleting should be successful" classname="example.repository.BookRepositoryTest" time="0.029"/>
  <system-out><![CDATA[?[30m2023-02-09 22:40:23,004?[0;39m ?[34mINFO ?[0;39m [?[34mTest worker?[0;39m] ?[33morg.springframework.test.context.support.AbstractTestContextBootstrapper?[0;39m: []   Neither @ContextConfiguration nor @ContextHierarchy found for test class [example.repository.BookRepositoryTest], using SpringBootContextLoader
?[30m2023-02-09 22:40:23,004?[0;39m ?[34mINFO ?[0;39m [?[34mTest worker?[0;39m] ?[33morg.springframework.test.context.support.AbstractContextLoader?[0;39m: []   Could not detect default resource locations for test class [example.repository.BookRepositoryTest]: no resource found for suffixes {-context.xml, Context.groovy}.
?[30m2023-02-09 22:40:23,004?[0;39m ?[34mINFO ?[0;39m [?[34mTest worker?[0;39m] ?[33morg.springframework.test.context.support.AnnotationConfigContextLoaderUtils?[0;39m: []   Could not detect default configuration classes for test class [example.repository.BookRepositoryTest]: BookRepositoryTest does not declare any static, non-private, non-final, nested classes annotated with @Configuration.
?[30m2023-02-09 22:40:23,007?[0;39m ?[34mINFO ?[0;39m [?[34mTest worker?[0;39m] ?[33morg.springframework.boot.test.context.SpringBootTestContextBootstrapper?[0;39m: []   Found @SpringBootConfiguration example.Application for test class example.repository.BookRepositoryTest
?[30m2023-02-09 22:40:23,007?[0;39m ?[34mINFO ?[0;39m [?[34mTest worker?[0;39m] ?[33morg.springframework.test.context.support.AbstractTestContextBootstrapper?[0;39m: []   Loaded default TestExecutionListener class names from location [META-INF/spring.factories]: [org.springframework.boot.test.autoconfigure.restdocs.RestDocsTestExecutionListener, org.springframework.boot.test.autoconfigure.web.client.MockRestServiceServerResetTestExecutionListener, org.springframework.boot.test.autoconfigure.web.servlet.MockMvcPrintOnlyOnFailureTestExecutionListener, org.springframework.boot.test.autoconfigure.web.servlet.WebDriverTestExecutionListener, org.springframework.boot.test.autoconfigure.webservices.client.MockWebServiceServerTestExecutionListener, org.springframework.boot.test.mock.mockito.MockitoTestExecutionListener, org.springframework.boot.test.mock.mockito.ResetMocksTestExecutionListener, org.springframework.test.context.web.ServletTestExecutionListener, org.springframework.test.context.support.DirtiesContextBeforeModesTestExecutionListener, org.springframework.test.context.event.ApplicationEventsTestExecutionListener, org.springframework.test.context.support.DependencyInjectionTestExecutionListener, org.springframework.test.context.support.DirtiesContextTestExecutionListener, org.springframework.test.context.transaction.TransactionalTestExecutionListener, org.springframework.test.context.jdbc.SqlScriptsTestExecutionListener, org.springframework.test.context.event.EventPublishingTestExecutionListener]
?[30m2023-02-09 22:40:23,008?[0;39m ?[34mINFO ?[0;39m [?[34mTest worker?[0;39m] ?[33morg.springframework.test.context.support.AbstractTestContextBootstrapper?[0;39m: []   Using TestExecutionListeners: [org.springframework.test.context.web.ServletTestExecutionListener@7991283c, org.springframework.test.context.support.DirtiesContextBeforeModesTestExecutionListener@45966631, org.springframework.test.context.event.ApplicationEventsTestExecutionListener@75a2aed, org.springframework.boot.test.mock.mockito.MockitoTestExecutionListener@c68f0c3, org.springframework.boot.test.autoconfigure.SpringBootDependencyInjectionTestExecutionListener@7c48e9ba, org.springframework.test.context.support.DirtiesContextTestExecutionListener@a99bfec, org.springframework.test.context.transaction.TransactionalTestExecutionListener@5cc2e110, org.springframework.test.context.jdbc.SqlScriptsTestExecutionListener@1767fca3, org.springframework.test.context.event.EventPublishingTestExecutionListener@2cd9d2cc, org.springframework.boot.test.autoconfigure.restdocs.RestDocsTestExecutionListener@6bf86e64, org.springframework.boot.test.autoconfigure.web.client.MockRestServiceServerResetTestExecutionListener@20f9c86a, org.springframework.boot.test.autoconfigure.web.servlet.MockMvcPrintOnlyOnFailureTestExecutionListener@8d3ba32, org.springframework.boot.test.autoconfigure.web.servlet.WebDriverTestExecutionListener@6a7e4656, org.springframework.boot.test.autoconfigure.webservices.client.MockWebServiceServerTestExecutionListener@425d9e33, org.springframework.boot.test.mock.mockito.ResetMocksTestExecutionListener@2c89b48a]
Hibernate: select author0_.id as id1_0_0_, author0_.email as email2_0_0_, author0_.first_name as first_na3_0_0_, author0_.last_name as last_nam4_0_0_ from author author0_ where author0_.id=?
Hibernate: insert into author (id, email, first_name, last_name) values (default, ?, ?, ?)
Hibernate: select count(*) as col_0_0_ from book book0_
Hibernate: insert into book (id, author_id, description, genre, price, title) values (default, ?, ?, ?, ?, ?)
Hibernate: insert into book (id, author_id, description, genre, price, title) values (default, ?, ?, ?, ?, ?)
Hibernate: select book0_.id as id1_1_0_, book0_.author_id as author_i6_1_0_, book0_.description as descript2_1_0_, book0_.genre as genre3_1_0_, book0_.price as price4_1_0_, book0_.title as title5_1_0_, author1_.id as id1_0_1_, author1_.email as email2_0_1_, author1_.first_name as first_na3_0_1_, author1_.last_name as last_nam4_0_1_ from book book0_ inner join author author1_ on book0_.author_id=author1_.id where book0_.id=?
Hibernate: delete from book where id=?
Hibernate: select count(*) as col_0_0_ from book book0_
Hibernate: select book0_.id as id1_1_0_, book0_.author_id as author_i6_1_0_, book0_.description as descript2_1_0_, book0_.genre as genre3_1_0_, book0_.price as price4_1_0_, book0_.title as title5_1_0_, author1_.id as id1_0_1_, author1_.email as email2_0_1_, author1_.first_name as first_na3_0_1_, author1_.last_name as last_nam4_0_1_ from book book0_ inner join author author1_ on book0_.author_id=author1_.id where book0_.id=?
Hibernate: select book0_.id as id1_1_0_, book0_.author_id as author_i6_1_0_, book0_.description as descript2_1_0_, book0_.genre as genre3_1_0_, book0_.price as price4_1_0_, book0_.title as title5_1_0_, author1_.id as id1_0_1_, author1_.email as email2_0_1_, author1_.first_name as first_na3_0_1_, author1_.last_name as last_nam4_0_1_ from book book0_ inner join author author1_ on book0_.author_id=author1_.id where book0_.id=?
Hibernate: delete from book where id=?
Hibernate: select author0_.id as id1_0_0_, author0_.email as email2_0_0_, author0_.first_name as first_na3_0_0_, author0_.last_name as last_nam4_0_0_ from author author0_ where author0_.id=?
Hibernate: insert into author (id, email, first_name, last_name) values (default, ?, ?, ?)
Hibernate: select count(*) as col_0_0_ from book book0_
Hibernate: insert into book (id, author_id, description, genre, price, title) values (default, ?, ?, ?, ?, ?)
Hibernate: insert into book (id, author_id, description, genre, price, title) values (default, ?, ?, ?, ?, ?)
Hibernate: select book0_.id as id1_1_0_, book0_.author_id as author_i6_1_0_, book0_.description as descript2_1_0_, book0_.genre as genre3_1_0_, book0_.price as price4_1_0_, book0_.title as title5_1_0_, author1_.id as id1_0_1_, author1_.email as email2_0_1_, author1_.first_name as first_na3_0_1_, author1_.last_name as last_nam4_0_1_ from book book0_ inner join author author1_ on book0_.author_id=author1_.id where book0_.id=?
Hibernate: select book0_.id as id1_1_0_, book0_.author_id as author_i6_1_0_, book0_.description as descript2_1_0_, book0_.genre as genre3_1_0_, book0_.price as price4_1_0_, book0_.title as title5_1_0_, author1_.id as id1_0_1_, author1_.email as email2_0_1_, author1_.first_name as first_na3_0_1_, author1_.last_name as last_nam4_0_1_ from book book0_ inner join author author1_ on book0_.author_id=author1_.id where book0_.id=?
Hibernate: delete from book where id=?
Hibernate: delete from book where id=?
Hibernate: select count(*) as col_0_0_ from book book0_
Hibernate: select book0_.id as id1_1_0_, book0_.author_id as author_i6_1_0_, book0_.description as descript2_1_0_, book0_.genre as genre3_1_0_, book0_.price as price4_1_0_, book0_.title as title5_1_0_, author1_.id as id1_0_1_, author1_.email as email2_0_1_, author1_.first_name as first_na3_0_1_, author1_.last_name as last_nam4_0_1_ from book book0_ inner join author author1_ on book0_.author_id=author1_.id where book0_.id=?
Hibernate: select book0_.id as id1_1_0_, book0_.author_id as author_i6_1_0_, book0_.description as descript2_1_0_, book0_.genre as genre3_1_0_, book0_.price as price4_1_0_, book0_.title as title5_1_0_, author1_.id as id1_0_1_, author1_.email as email2_0_1_, author1_.first_name as first_na3_0_1_, author1_.last_name as last_nam4_0_1_ from book book0_ inner join author author1_ on book0_.author_id=author1_.id where book0_.id=?
?[30m2023-02-09 22:40:23,036?[0;39m ?[34mINFO ?[0;39m [?[34mTest worker?[0;39m] ?[33morg.springframework.test.context.transaction.TransactionContext?[0;39m: []   Began transaction (1) for test context [DefaultTestContext@30843423 testClass = BookRepositoryTest, testInstance = example.repository.BookRepositoryTest@3174d256, testMethod = whenDeleteFromDerivedQuery_thenDeletingShouldBeSuccessful@BookRepositoryTest, testException = [null], mergedContextConfiguration = [WebMergedContextConfiguration@7388fdf7 testClass = BookRepositoryTest, locations = '{}', classes = '{class example.Application}', contextInitializerClasses = '[]', activeProfiles = '{test}', propertySourceLocations = '{}', propertySourceProperties = '{org.springframework.boot.test.context.SpringBootTestContextBootstrapper=true}', contextCustomizers = set[org.springframework.boot.test.autoconfigure.actuate.metrics.MetricsExportContextCustomizerFactory$DisableMetricExportContextCustomizer@16c9e378, org.springframework.boot.test.autoconfigure.properties.PropertyMappingContextCustomizer@4b3fa0b3, org.springframework.boot.test.autoconfigure.web.servlet.WebDriverContextCustomizerFactory$Customizer@632dc41, [ImportsContextCustomizer@37567907 key = [org.springframework.boot.test.autoconfigure.web.servlet.MockMvcAutoConfiguration, org.springframework.boot.test.autoconfigure.web.servlet.MockMvcWebClientAutoConfiguration, org.springframework.boot.test.autoconfigure.web.servlet.MockMvcWebDriverAutoConfiguration, org.springframework.boot.autoconfigure.security.oauth2.client.servlet.OAuth2ClientAutoConfiguration, org.springframework.boot.autoconfigure.security.oauth2.resource.servlet.OAuth2ResourceServerAutoConfiguration, org.springframework.boot.autoconfigure.security.servlet.SecurityAutoConfiguration, org.springframework.boot.autoconfigure.security.servlet.SecurityFilterAutoConfiguration, org.springframework.boot.autoconfigure.security.servlet.UserDetailsServiceAutoConfiguration, org.springframework.boot.test.autoconfigure.web.servlet.MockMvcSecurityConfiguration, org.springframework.boot.test.autoconfigure.web.reactive.WebTestClientAutoConfiguration]], org.springframework.boot.test.context.filter.ExcludeFilterContextCustomizer@7ee02968, org.springframework.boot.test.json.DuplicateJsonObjectContextCustomizerFactory$DuplicateJsonObjectContextCustomizer@6556471b, org.springframework.boot.test.mock.mockito.MockitoContextCustomizer@0, org.springframework.boot.test.web.client.TestRestTemplateContextCustomizer@25b83dce, org.springframework.boot.test.context.SpringBootTestArgs@1, org.springframework.boot.test.context.SpringBootTestWebEnvironment@6cfd9a54], resourceBasePath = 'src/main/webapp', contextLoader = 'org.springframework.boot.test.context.SpringBootContextLoader', parent = [null]], attributes = map['org.springframework.test.context.web.ServletTestExecutionListener.activateListener' -> true, 'org.springframework.test.context.web.ServletTestExecutionListener.populatedRequestContextHolder' -> true, 'org.springframework.test.context.web.ServletTestExecutionListener.resetRequestContextHolder' -> true, 'org.springframework.test.context.event.ApplicationEventsTestExecutionListener.recordApplicationEvents' -> false]]; transaction manager [org.springframework.orm.jpa.JpaTransactionManager@2e1a049b]; rollback [true]
Hibernate: select author0_.id as id1_0_0_, author0_.email as email2_0_0_, author0_.first_name as first_na3_0_0_, author0_.last_name as last_nam4_0_0_ from author author0_ where author0_.id=?
Hibernate: insert into author (id, email, first_name, last_name) values (default, ?, ?, ?)
Hibernate: select count(*) as col_0_0_ from book book0_
Hibernate: insert into book (id, author_id, description, genre, price, title) values (default, ?, ?, ?, ?, ?)
Hibernate: insert into book (id, author_id, description, genre, price, title) values (default, ?, ?, ?, ?, ?)
Hibernate: select book0_.id as id1_1_, book0_.author_id as author_i6_1_, book0_.description as descript2_1_, book0_.genre as genre3_1_, book0_.price as price4_1_, book0_.title as title5_1_ from book book0_ where book0_.title=?
Hibernate: delete from book where id=?
Hibernate: select count(*) as col_0_0_ from book book0_
Hibernate: select book0_.id as id1_1_0_, book0_.author_id as author_i6_1_0_, book0_.description as descript2_1_0_, book0_.genre as genre3_1_0_, book0_.price as price4_1_0_, book0_.title as title5_1_0_, author1_.id as id1_0_1_, author1_.email as email2_0_1_, author1_.first_name as first_na3_0_1_, author1_.last_name as last_nam4_0_1_ from book book0_ inner join author author1_ on book0_.author_id=author1_.id where book0_.id=?
?[30m2023-02-09 22:40:23,061?[0;39m ?[34mINFO ?[0;39m [?[34mTest worker?[0;39m] ?[33morg.springframework.test.context.transaction.TransactionContext?[0;39m: []   Rolled back transaction for test: [DefaultTestContext@30843423 testClass = BookRepositoryTest, testInstance = example.repository.BookRepositoryTest@3174d256, testMethod = whenDeleteFromDerivedQuery_thenDeletingShouldBeSuccessful@BookRepositoryTest, testException = [null], mergedContextConfiguration = [WebMergedContextConfiguration@7388fdf7 testClass = BookRepositoryTest, locations = '{}', classes = '{class example.Application}', contextInitializerClasses = '[]', activeProfiles = '{test}', propertySourceLocations = '{}', propertySourceProperties = '{org.springframework.boot.test.context.SpringBootTestContextBootstrapper=true}', contextCustomizers = set[org.springframework.boot.test.autoconfigure.actuate.metrics.MetricsExportContextCustomizerFactory$DisableMetricExportContextCustomizer@16c9e378, org.springframework.boot.test.autoconfigure.properties.PropertyMappingContextCustomizer@4b3fa0b3, org.springframework.boot.test.autoconfigure.web.servlet.WebDriverContextCustomizerFactory$Customizer@632dc41, [ImportsContextCustomizer@37567907 key = [org.springframework.boot.test.autoconfigure.web.servlet.MockMvcAutoConfiguration, org.springframework.boot.test.autoconfigure.web.servlet.MockMvcWebClientAutoConfiguration, org.springframework.boot.test.autoconfigure.web.servlet.MockMvcWebDriverAutoConfiguration, org.springframework.boot.autoconfigure.security.oauth2.client.servlet.OAuth2ClientAutoConfiguration, org.springframework.boot.autoconfigure.security.oauth2.resource.servlet.OAuth2ResourceServerAutoConfiguration, org.springframework.boot.autoconfigure.security.servlet.SecurityAutoConfiguration, org.springframework.boot.autoconfigure.security.servlet.SecurityFilterAutoConfiguration, org.springframework.boot.autoconfigure.security.servlet.UserDetailsServiceAutoConfiguration, org.springframework.boot.test.autoconfigure.web.servlet.MockMvcSecurityConfiguration, org.springframework.boot.test.autoconfigure.web.reactive.WebTestClientAutoConfiguration]], org.springframework.boot.test.context.filter.ExcludeFilterContextCustomizer@7ee02968, org.springframework.boot.test.json.DuplicateJsonObjectContextCustomizerFactory$DuplicateJsonObjectContextCustomizer@6556471b, org.springframework.boot.test.mock.mockito.MockitoContextCustomizer@0, org.springframework.boot.test.web.client.TestRestTemplateContextCustomizer@25b83dce, org.springframework.boot.test.context.SpringBootTestArgs@1, org.springframework.boot.test.context.SpringBootTestWebEnvironment@6cfd9a54], resourceBasePath = 'src/main/webapp', contextLoader = 'org.springframework.boot.test.context.SpringBootContextLoader', parent = [null]], attributes = map['org.springframework.test.context.web.ServletTestExecutionListener.activateListener' -> true, 'org.springframework.test.context.web.ServletTestExecutionListener.populatedRequestContextHolder' -> true, 'org.springframework.test.context.web.ServletTestExecutionListener.resetRequestContextHolder' -> true, 'org.springframework.test.context.event.ApplicationEventsTestExecutionListener.recordApplicationEvents' -> false]]
]]></system-out>
  <system-err><![CDATA[]]></system-err>
</testsuite>
