<?xml version="1.0" encoding="UTF-8"?>
<testsuite name="Author Resource REST API Tests" tests="4" skipped="0" failures="0" errors="0" timestamp="2023-02-09T22:40:23" hostname="Sanjs-Air.broadband" time="0.27">
  <properties/>
  <testcase name="when POST a new Author, then returns 201" classname="example.controller.AuthorResourceRestTest" time="0.211"/>
  <testcase name="when DELETE a new Author, then returns 204" classname="example.controller.AuthorResourceRestTest" time="0.026"/>
  <testcase name="when POST an existing Author id, then returns 422" classname="example.controller.AuthorResourceRestTest" time="0.025"/>
  <testcase name="when DELETE an existing Author id, then returns 404" classname="example.controller.AuthorResourceRestTest" time="0.006"/>
  <system-out><![CDATA[?[30m2023-02-09 22:40:23,063?[0;39m ?[34mINFO ?[0;39m [?[34mTest worker?[0;39m] ?[33morg.springframework.test.context.support.AbstractTestContextBootstrapper?[0;39m: []   Neither @ContextConfiguration nor @ContextHierarchy found for test class [example.controller.AuthorResourceRestTest], using SpringBootContextLoader
?[30m2023-02-09 22:40:23,064?[0;39m ?[34mINFO ?[0;39m [?[34mTest worker?[0;39m] ?[33morg.springframework.test.context.support.AbstractContextLoader?[0;39m: []   Could not detect default resource locations for test class [example.controller.AuthorResourceRestTest]: no resource found for suffixes {-context.xml, Context.groovy}.
?[30m2023-02-09 22:40:23,066?[0;39m ?[34mINFO ?[0;39m [?[34mTest worker?[0;39m] ?[33morg.springframework.test.context.support.AbstractTestContextBootstrapper?[0;39m: []   Loaded default TestExecutionListener class names from location [META-INF/spring.factories]: [org.springframework.boot.test.autoconfigure.restdocs.RestDocsTestExecutionListener, org.springframework.boot.test.autoconfigure.web.client.MockRestServiceServerResetTestExecutionListener, org.springframework.boot.test.autoconfigure.web.servlet.MockMvcPrintOnlyOnFailureTestExecutionListener, org.springframework.boot.test.autoconfigure.web.servlet.WebDriverTestExecutionListener, org.springframework.boot.test.autoconfigure.webservices.client.MockWebServiceServerTestExecutionListener, org.springframework.boot.test.mock.mockito.MockitoTestExecutionListener, org.springframework.boot.test.mock.mockito.ResetMocksTestExecutionListener, org.springframework.test.context.web.ServletTestExecutionListener, org.springframework.test.context.support.DirtiesContextBeforeModesTestExecutionListener, org.springframework.test.context.event.ApplicationEventsTestExecutionListener, org.springframework.test.context.support.DependencyInjectionTestExecutionListener, org.springframework.test.context.support.DirtiesContextTestExecutionListener, org.springframework.test.context.transaction.TransactionalTestExecutionListener, org.springframework.test.context.jdbc.SqlScriptsTestExecutionListener, org.springframework.test.context.event.EventPublishingTestExecutionListener]
?[30m2023-02-09 22:40:23,066?[0;39m ?[34mINFO ?[0;39m [?[34mTest worker?[0;39m] ?[33morg.springframework.test.context.support.AbstractTestContextBootstrapper?[0;39m: []   Using TestExecutionListeners: [org.springframework.test.context.web.ServletTestExecutionListener@1a466ac5, org.springframework.test.context.support.DirtiesContextBeforeModesTestExecutionListener@10f59790, org.springframework.test.context.event.ApplicationEventsTestExecutionListener@4846fe3f, org.springframework.boot.test.mock.mockito.MockitoTestExecutionListener@48bfe13c, org.springframework.boot.test.autoconfigure.SpringBootDependencyInjectionTestExecutionListener@6186baac, org.springframework.test.context.support.DirtiesContextTestExecutionListener@5df3e81b, org.springframework.test.context.transaction.TransactionalTestExecutionListener@22bb529c, org.springframework.test.context.jdbc.SqlScriptsTestExecutionListener@15baf1f6, org.springframework.test.context.event.EventPublishingTestExecutionListener@41bd7a37, org.springframework.boot.test.autoconfigure.restdocs.RestDocsTestExecutionListener@3ccf12b, org.springframework.boot.test.autoconfigure.web.client.MockRestServiceServerResetTestExecutionListener@7b9b7c7c, org.springframework.boot.test.autoconfigure.web.servlet.MockMvcPrintOnlyOnFailureTestExecutionListener@396c17b8, org.springframework.boot.test.autoconfigure.web.servlet.WebDriverTestExecutionListener@13aabe60, org.springframework.boot.test.autoconfigure.webservices.client.MockWebServiceServerTestExecutionListener@770b4097, org.springframework.boot.test.mock.mockito.ResetMocksTestExecutionListener@5753aa96]

  .   ____          _            __ _ _
 /\\ / ___'_ __ _ _(_)_ __  __ _ \ \ \ \
( ( )\___ | '_ | '_| | '_ \/ _` | \ \ \ \
 \\/  ___)| |_)| | | | | || (_| |  ) ) ) )
  '  |____| .__|_| |_|_| |_\__, | / / / /
 =========|_|==============|___/=/_/_/_/
 :: Spring Boot ::                (v2.7.5)

?[30m2023-02-09 22:40:23,084?[0;39m ?[34mINFO ?[0;39m [?[34mTest worker?[0;39m] ?[33morg.springframework.boot.StartupInfoLogger?[0;39m: []   Starting AuthorResourceRestTest using Java 11.0.11 on Sanjs-Air.broadband with PID 8699 (started by sanj in /Users/sanj/Documents/Development/SpringBoot/MySampleApp)
?[30m2023-02-09 22:40:23,084?[0;39m ?[39mDEBUG?[0;39m [?[34mTest worker?[0;39m] ?[33morg.springframework.boot.StartupInfoLogger?[0;39m: []   Running with Spring Boot v2.7.5, Spring v5.3.23
?[30m2023-02-09 22:40:23,084?[0;39m ?[34mINFO ?[0;39m [?[34mTest worker?[0;39m] ?[33morg.springframework.boot.SpringApplication?[0;39m: []   The following 1 profile is active: "test"
?[30m2023-02-09 22:40:23,085?[0;39m ?[31mWARN ?[0;39m [?[34mTest worker?[0;39m] ?[33morg.springframework.boot.logging.DeferredLog?[0;39m: []   Property 'spring.profiles' imported from location 'class path resource [application-test.yml]' is invalid and should be replaced with 'spring.config.activate.on-profile' [origin: class path resource [application-test.yml] - 2:13]
?[30m2023-02-09 22:40:23,160?[0;39m ?[34mINFO ?[0;39m [?[34mTest worker?[0;39m] ?[33morg.springframework.data.repository.config.RepositoryConfigurationDelegate?[0;39m: []   Bootstrapping Spring Data JPA repositories in DEFAULT mode.
?[30m2023-02-09 22:40:23,164?[0;39m ?[34mINFO ?[0;39m [?[34mTest worker?[0;39m] ?[33morg.springframework.data.repository.config.RepositoryConfigurationDelegate?[0;39m: []   Finished Spring Data repository scanning in 3 ms. Found 2 JPA repository interfaces.
?[30m2023-02-09 22:40:23,329?[0;39m ?[34mINFO ?[0;39m [?[34mTest worker?[0;39m] ?[33morg.springframework.boot.web.embedded.tomcat.TomcatWebServer?[0;39m: []   Tomcat initialized with port(s): 0 (http)
?[30m2023-02-09 22:40:23,338?[0;39m ?[34mINFO ?[0;39m [?[34mTest worker?[0;39m] ?[33morg.apache.juli.logging.DirectJDKLog?[0;39m: []   Initializing ProtocolHandler ["http-nio-auto-1"]
?[30m2023-02-09 22:40:23,338?[0;39m ?[34mINFO ?[0;39m [?[34mTest worker?[0;39m] ?[33morg.apache.juli.logging.DirectJDKLog?[0;39m: []   Starting service [Tomcat]
?[30m2023-02-09 22:40:23,339?[0;39m ?[34mINFO ?[0;39m [?[34mTest worker?[0;39m] ?[33morg.apache.juli.logging.DirectJDKLog?[0;39m: []   Starting Servlet engine: [Apache Tomcat/9.0.68]
?[30m2023-02-09 22:40:23,418?[0;39m ?[34mINFO ?[0;39m [?[34mTest worker?[0;39m] ?[33morg.apache.juli.logging.DirectJDKLog?[0;39m: []   Initializing Spring embedded WebApplicationContext
?[30m2023-02-09 22:40:23,418?[0;39m ?[34mINFO ?[0;39m [?[34mTest worker?[0;39m] ?[33morg.springframework.boot.web.servlet.context.ServletWebServerApplicationContext?[0;39m: []   Root WebApplicationContext: initialization completed in 333 ms
?[30m2023-02-09 22:40:23,471?[0;39m ?[34mINFO ?[0;39m [?[34mTest worker?[0;39m] ?[33mcom.zaxxer.hikari.HikariDataSource?[0;39m: []   HikariPool-2 - Starting...
?[30m2023-02-09 22:40:23,472?[0;39m ?[34mINFO ?[0;39m [?[34mTest worker?[0;39m] ?[33mcom.zaxxer.hikari.HikariDataSource?[0;39m: []   HikariPool-2 - Start completed.
?[30m2023-02-09 22:40:23,492?[0;39m ?[34mINFO ?[0;39m [?[34mTest worker?[0;39m] ?[33morg.hibernate.jpa.internal.util.LogHelper?[0;39m: []   HHH000204: Processing PersistenceUnitInfo [name: default]
?[30m2023-02-09 22:40:23,494?[0;39m ?[34mINFO ?[0;39m [?[34mTest worker?[0;39m] ?[33morg.hibernate.dialect.Dialect?[0;39m: []   HHH000400: Using dialect: org.hibernate.dialect.H2Dialect
?[30m2023-02-09 22:40:23,520?[0;39m ?[34mINFO ?[0;39m [?[34mTest worker?[0;39m] ?[33morg.hibernate.engine.transaction.jta.platform.internal.JtaPlatformInitiator?[0;39m: []   HHH000490: Using JtaPlatform implementation: [org.hibernate.engine.transaction.jta.platform.internal.NoJtaPlatform]
?[30m2023-02-09 22:40:23,520?[0;39m ?[34mINFO ?[0;39m [?[34mTest worker?[0;39m] ?[33morg.springframework.orm.jpa.AbstractEntityManagerFactoryBean?[0;39m: []   Initialized JPA EntityManagerFactory for persistence unit 'default'
?[30m2023-02-09 22:40:23,885?[0;39m ?[34mINFO ?[0;39m [?[34mTest worker?[0;39m] ?[33morg.apache.juli.logging.DirectJDKLog?[0;39m: []   Starting ProtocolHandler ["http-nio-auto-1"]
?[30m2023-02-09 22:40:23,898?[0;39m ?[34mINFO ?[0;39m [?[34mTest worker?[0;39m] ?[33morg.springframework.boot.web.embedded.tomcat.TomcatWebServer?[0;39m: []   Tomcat started on port(s): 52781 (http) with context path ''
?[30m2023-02-09 22:40:23,901?[0;39m ?[34mINFO ?[0;39m [?[34mTest worker?[0;39m] ?[33morg.springframework.boot.StartupInfoLogger?[0;39m: []   Started AuthorResourceRestTest in 0.833 seconds (JVM running for 5.73)
?[30m2023-02-09 22:40:24,012?[0;39m ?[34mINFO ?[0;39m [?[34mhttp-nio-auto-1-exec-1?[0;39m] ?[33morg.apache.juli.logging.DirectJDKLog?[0;39m: []   Initializing Spring DispatcherServlet 'dispatcherServlet'
?[30m2023-02-09 22:40:24,013?[0;39m ?[34mINFO ?[0;39m [?[34mhttp-nio-auto-1-exec-1?[0;39m] ?[33morg.springframework.web.servlet.FrameworkServlet?[0;39m: []   Initializing Servlet 'dispatcherServlet'
?[30m2023-02-09 22:40:24,013?[0;39m ?[34mINFO ?[0;39m [?[34mhttp-nio-auto-1-exec-1?[0;39m] ?[33morg.springframework.web.servlet.FrameworkServlet?[0;39m: []   Completed initialization in 0 ms
?[30m2023-02-09 22:40:24,087?[0;39m ?[34mINFO ?[0;39m [?[34mhttp-nio-auto-1-exec-1?[0;39m] ?[33mexample.controller.AuthorResource?[0;39m: []   POST /api/v1/authors :AuthorDto(id=null, firstName=Test, lastName=Surname, email=test@example.com)
Hibernate: insert into author (id, email, first_name, last_name) values (default, ?, ?, ?)
?[30m2023-02-09 22:40:24,126?[0;39m ?[34mINFO ?[0;39m [?[34mhttp-nio-auto-1-exec-2?[0;39m] ?[33mexample.controller.AuthorResource?[0;39m: []   DELETE /api/v1/authors/2
Hibernate: select author0_.id as id1_0_0_, author0_.email as email2_0_0_, author0_.first_name as first_na3_0_0_, author0_.last_name as last_nam4_0_0_ from author author0_ where author0_.id=?
Hibernate: select books0_.author_id as author_i6_1_0_, books0_.id as id1_1_0_, books0_.id as id1_1_1_, books0_.author_id as author_i6_1_1_, books0_.description as descript2_1_1_, books0_.genre as genre3_1_1_, books0_.price as price4_1_1_, books0_.title as title5_1_1_ from book books0_ where books0_.author_id=?
Hibernate: delete from book where id=?
Hibernate: delete from book where id=?
Hibernate: delete from book where id=?
Hibernate: delete from book where id=?
Hibernate: delete from author where id=?
?[30m2023-02-09 22:40:24,147?[0;39m ?[34mINFO ?[0;39m [?[34mhttp-nio-auto-1-exec-3?[0;39m] ?[33mexample.controller.AuthorResource?[0;39m: []   POST /api/v1/authors :AuthorDto(id=1, firstName=Test, lastName=Surname, email=test@example.com)
Hibernate: select author0_.id as id1_0_0_, author0_.email as email2_0_0_, author0_.first_name as first_na3_0_0_, author0_.last_name as last_nam4_0_0_ from author author0_ where author0_.id=?
?[30m2023-02-09 22:40:24,169?[0;39m ?[34mINFO ?[0;39m [?[34mhttp-nio-auto-1-exec-4?[0;39m] ?[33mexample.controller.AuthorResource?[0;39m: []   DELETE /api/v1/authors/404
Hibernate: select author0_.id as id1_0_0_, author0_.email as email2_0_0_, author0_.first_name as first_na3_0_0_, author0_.last_name as last_nam4_0_0_ from author author0_ where author0_.id=?
]]></system-out>
  <system-err><![CDATA[]]></system-err>
</testsuite>
