<?xml version="1.0" encoding="UTF-8"?>
<testsuite name="Author Resource Integration Tests" tests="5" skipped="0" failures="0" errors="0" timestamp="2023-02-09T22:40:24" hostname="Sanjs-Air.broadband" time="0.085">
  <properties/>
  <testcase name="delete Author, should return expected Author Id" classname="example.controller.AuthorResourceTest" time="0.025"/>
  <testcase name="create incomplete Book, should return 400" classname="example.controller.AuthorResourceTest" time="0.047"/>
  <testcase name="delete non existing Author id, should return 404" classname="example.controller.AuthorResourceTest" time="0.003"/>
  <testcase name="create existing Author id, should return 422" classname="example.controller.AuthorResourceTest" time="0.003"/>
  <testcase name="create Author, should return expected 201" classname="example.controller.AuthorResourceTest" time="0.003"/>
  <system-out><![CDATA[?[30m2023-02-09 22:40:24,243?[0;39m ?[34mINFO ?[0;39m [?[34mTest worker?[0;39m] ?[33morg.springframework.test.context.support.AbstractTestContextBootstrapper?[0;39m: []   Neither @ContextConfiguration nor @ContextHierarchy found for test class [example.controller.AuthorResourceTest], using SpringBootContextLoader
?[30m2023-02-09 22:40:24,243?[0;39m ?[34mINFO ?[0;39m [?[34mTest worker?[0;39m] ?[33morg.springframework.test.context.support.AbstractContextLoader?[0;39m: []   Could not detect default resource locations for test class [example.controller.AuthorResourceTest]: no resource found for suffixes {-context.xml, Context.groovy}.
?[30m2023-02-09 22:40:24,243?[0;39m ?[34mINFO ?[0;39m [?[34mTest worker?[0;39m] ?[33morg.springframework.test.context.support.AnnotationConfigContextLoaderUtils?[0;39m: []   Could not detect default configuration classes for test class [example.controller.AuthorResourceTest]: AuthorResourceTest does not declare any static, non-private, non-final, nested classes annotated with @Configuration.
?[30m2023-02-09 22:40:24,247?[0;39m ?[34mINFO ?[0;39m [?[34mTest worker?[0;39m] ?[33morg.springframework.boot.test.context.SpringBootTestContextBootstrapper?[0;39m: []   Found @SpringBootConfiguration example.Application for test class example.controller.AuthorResourceTest
?[30m2023-02-09 22:40:24,248?[0;39m ?[34mINFO ?[0;39m [?[34mTest worker?[0;39m] ?[33morg.springframework.test.context.support.AbstractTestContextBootstrapper?[0;39m: []   Loaded default TestExecutionListener class names from location [META-INF/spring.factories]: [org.springframework.boot.test.autoconfigure.restdocs.RestDocsTestExecutionListener, org.springframework.boot.test.autoconfigure.web.client.MockRestServiceServerResetTestExecutionListener, org.springframework.boot.test.autoconfigure.web.servlet.MockMvcPrintOnlyOnFailureTestExecutionListener, org.springframework.boot.test.autoconfigure.web.servlet.WebDriverTestExecutionListener, org.springframework.boot.test.autoconfigure.webservices.client.MockWebServiceServerTestExecutionListener, org.springframework.boot.test.mock.mockito.MockitoTestExecutionListener, org.springframework.boot.test.mock.mockito.ResetMocksTestExecutionListener, org.springframework.test.context.web.ServletTestExecutionListener, org.springframework.test.context.support.DirtiesContextBeforeModesTestExecutionListener, org.springframework.test.context.event.ApplicationEventsTestExecutionListener, org.springframework.test.context.support.DependencyInjectionTestExecutionListener, org.springframework.test.context.support.DirtiesContextTestExecutionListener, org.springframework.test.context.transaction.TransactionalTestExecutionListener, org.springframework.test.context.jdbc.SqlScriptsTestExecutionListener, org.springframework.test.context.event.EventPublishingTestExecutionListener]
?[30m2023-02-09 22:40:24,249?[0;39m ?[34mINFO ?[0;39m [?[34mTest worker?[0;39m] ?[33morg.springframework.test.context.support.AbstractTestContextBootstrapper?[0;39m: []   Using TestExecutionListeners: [org.springframework.test.context.web.ServletTestExecutionListener@ca63ec9, org.springframework.test.context.support.DirtiesContextBeforeModesTestExecutionListener@7628fd81, org.springframework.test.context.event.ApplicationEventsTestExecutionListener@4fd562aa, org.springframework.boot.test.mock.mockito.MockitoTestExecutionListener@5d8dae8e, org.springframework.boot.test.autoconfigure.SpringBootDependencyInjectionTestExecutionListener@60e09380, org.springframework.test.context.support.DirtiesContextTestExecutionListener@5195bee8, org.springframework.test.context.transaction.TransactionalTestExecutionListener@35b14642, org.springframework.test.context.jdbc.SqlScriptsTestExecutionListener@5f877a4, org.springframework.test.context.event.EventPublishingTestExecutionListener@61609808, org.springframework.boot.test.autoconfigure.restdocs.RestDocsTestExecutionListener@1dfe1832, org.springframework.boot.test.autoconfigure.web.client.MockRestServiceServerResetTestExecutionListener@2242ce99, org.springframework.boot.test.autoconfigure.web.servlet.MockMvcPrintOnlyOnFailureTestExecutionListener@64c1d822, org.springframework.boot.test.autoconfigure.web.servlet.WebDriverTestExecutionListener@184bc6a, org.springframework.boot.test.autoconfigure.webservices.client.MockWebServiceServerTestExecutionListener@6c560be0, org.springframework.boot.test.mock.mockito.ResetMocksTestExecutionListener@585426f5]

  .   ____          _            __ _ _
 /\\ / ___'_ __ _ _(_)_ __  __ _ \ \ \ \
( ( )\___ | '_ | '_| | '_ \/ _` | \ \ \ \
 \\/  ___)| |_)| | | | | || (_| |  ) ) ) )
  '  |____| .__|_| |_|_| |_\__, | / / / /
 =========|_|==============|___/=/_/_/_/
 :: Spring Boot ::                (v2.7.5)

?[30m2023-02-09 22:40:24,260?[0;39m ?[34mINFO ?[0;39m [?[34mTest worker?[0;39m] ?[33morg.springframework.boot.StartupInfoLogger?[0;39m: []   Starting AuthorResourceTest using Java 11.0.11 on Sanjs-Air.broadband with PID 8699 (started by sanj in /Users/sanj/Documents/Development/SpringBoot/MySampleApp)
?[30m2023-02-09 22:40:24,261?[0;39m ?[39mDEBUG?[0;39m [?[34mTest worker?[0;39m] ?[33morg.springframework.boot.StartupInfoLogger?[0;39m: []   Running with Spring Boot v2.7.5, Spring v5.3.23
?[30m2023-02-09 22:40:24,261?[0;39m ?[34mINFO ?[0;39m [?[34mTest worker?[0;39m] ?[33morg.springframework.boot.SpringApplication?[0;39m: []   The following 1 profile is active: "test"
?[30m2023-02-09 22:40:24,261?[0;39m ?[31mWARN ?[0;39m [?[34mTest worker?[0;39m] ?[33morg.springframework.boot.logging.DeferredLog?[0;39m: []   Property 'spring.profiles' imported from location 'class path resource [application-test.yml]' is invalid and should be replaced with 'spring.config.activate.on-profile' [origin: class path resource [application-test.yml] - 2:13]
?[30m2023-02-09 22:40:24,323?[0;39m ?[34mINFO ?[0;39m [?[34mTest worker?[0;39m] ?[33morg.springframework.data.repository.config.RepositoryConfigurationDelegate?[0;39m: []   Bootstrapping Spring Data JPA repositories in DEFAULT mode.
?[30m2023-02-09 22:40:24,327?[0;39m ?[34mINFO ?[0;39m [?[34mTest worker?[0;39m] ?[33morg.springframework.data.repository.config.RepositoryConfigurationDelegate?[0;39m: []   Finished Spring Data repository scanning in 3 ms. Found 2 JPA repository interfaces.
?[30m2023-02-09 22:40:24,423?[0;39m ?[34mINFO ?[0;39m [?[34mTest worker?[0;39m] ?[33mcom.zaxxer.hikari.HikariDataSource?[0;39m: []   HikariPool-3 - Starting...
?[30m2023-02-09 22:40:24,424?[0;39m ?[34mINFO ?[0;39m [?[34mTest worker?[0;39m] ?[33mcom.zaxxer.hikari.HikariDataSource?[0;39m: []   HikariPool-3 - Start completed.
?[30m2023-02-09 22:40:24,446?[0;39m ?[34mINFO ?[0;39m [?[34mTest worker?[0;39m] ?[33morg.hibernate.jpa.internal.util.LogHelper?[0;39m: []   HHH000204: Processing PersistenceUnitInfo [name: default]
?[30m2023-02-09 22:40:24,448?[0;39m ?[34mINFO ?[0;39m [?[34mTest worker?[0;39m] ?[33morg.hibernate.dialect.Dialect?[0;39m: []   HHH000400: Using dialect: org.hibernate.dialect.H2Dialect
?[30m2023-02-09 22:40:24,468?[0;39m ?[34mINFO ?[0;39m [?[34mTest worker?[0;39m] ?[33morg.hibernate.engine.transaction.jta.platform.internal.JtaPlatformInitiator?[0;39m: []   HHH000490: Using JtaPlatform implementation: [org.hibernate.engine.transaction.jta.platform.internal.NoJtaPlatform]
?[30m2023-02-09 22:40:24,469?[0;39m ?[34mINFO ?[0;39m [?[34mTest worker?[0;39m] ?[33morg.springframework.orm.jpa.AbstractEntityManagerFactoryBean?[0;39m: []   Initialized JPA EntityManagerFactory for persistence unit 'default'
?[30m2023-02-09 22:40:24,794?[0;39m ?[34mINFO ?[0;39m [?[34mTest worker?[0;39m] ?[33morg.springframework.mock.web.MockServletContext?[0;39m: []   Initializing Spring TestDispatcherServlet ''
?[30m2023-02-09 22:40:24,794?[0;39m ?[34mINFO ?[0;39m [?[34mTest worker?[0;39m] ?[33morg.springframework.web.servlet.FrameworkServlet?[0;39m: []   Initializing Servlet ''
?[30m2023-02-09 22:40:24,795?[0;39m ?[34mINFO ?[0;39m [?[34mTest worker?[0;39m] ?[33morg.springframework.web.servlet.FrameworkServlet?[0;39m: []   Completed initialization in 1 ms
?[30m2023-02-09 22:40:24,799?[0;39m ?[34mINFO ?[0;39m [?[34mTest worker?[0;39m] ?[33morg.springframework.boot.StartupInfoLogger?[0;39m: []   Started AuthorResourceTest in 0.549 seconds (JVM running for 6.629)
?[30m2023-02-09 22:40:24,818?[0;39m ?[34mINFO ?[0;39m [?[34mTest worker?[0;39m] ?[33mexample.controller.AuthorResource?[0;39m: []   DELETE /api/v1/authors/0
?[30m2023-02-09 22:40:24,838?[0;39m ?[1;31mERROR?[0;39m [?[34mTest worker?[0;39m] ?[33mexample.exception.CustomGlobalExceptionHandler?[0;39m: []   Validation failed for argument [0] in public org.springframework.http.ResponseEntity<java.lang.Void> example.controller.AuthorResource.create(example.dto.AuthorDto) with 3 errors: [Field error in object 'authorDto' on field 'firstName': rejected value [null]; codes [NotBlank.authorDto.firstName,NotBlank.firstName,NotBlank.java.lang.String,NotBlank]; arguments [org.springframework.context.support.DefaultMessageSourceResolvable: codes [authorDto.firstName,firstName]; arguments []; default message [firstName]]; default message [First name is mandatory]] [Field error in object 'authorDto' on field 'lastName': rejected value [S@#¢∞name]; codes [Pattern.authorDto.lastName,Pattern.lastName,Pattern.java.lang.String,Pattern]; arguments [org.springframework.context.support.DefaultMessageSourceResolvable: codes [authorDto.lastName,lastName]; arguments []; default message [lastName],[Ljavax.validation.constraints.Pattern$Flag;@4164e195,^[A-Za-z0-9]+$]; default message [An alphanumeric last name is mandatory]] [Field error in object 'authorDto' on field 'email': rejected value [test_examplecom]; codes [Email.authorDto.email,Email.email,Email.java.lang.String,Email]; arguments [org.springframework.context.support.DefaultMessageSourceResolvable: codes [authorDto.email,email]; arguments []; default message [email],[Ljavax.validation.constraints.Pattern$Flag;@3966fb6b,.*]; default message [A valid mail address is mandatory]] 
?[30m2023-02-09 22:40:24,876?[0;39m ?[34mINFO ?[0;39m [?[34mTest worker?[0;39m] ?[33mexample.controller.AuthorResource?[0;39m: []   DELETE /api/v1/authors/404
?[30m2023-02-09 22:40:24,880?[0;39m ?[34mINFO ?[0;39m [?[34mTest worker?[0;39m] ?[33mexample.controller.AuthorResource?[0;39m: []   POST /api/v1/authors :AuthorDto(id=0, firstName=Test, lastName=Surname, email=test@example.com)
?[30m2023-02-09 22:40:24,884?[0;39m ?[34mINFO ?[0;39m [?[34mTest worker?[0;39m] ?[33mexample.controller.AuthorResource?[0;39m: []   POST /api/v1/authors :AuthorDto(id=null, firstName=Test, lastName=Surname, email=test@example.com)
]]></system-out>
  <system-err><![CDATA[]]></system-err>
</testsuite>
