<?xml version="1.0" encoding="UTF-8"?>
<testsuite name="Book Resource REST API Tests" tests="5" skipped="0" failures="0" errors="0" timestamp="2023-02-09T22:40:24" hostname="Sanjs-Air.broadband" time="0.063">
  <properties/>
  <testcase name="when GET Book list, then returns 200" classname="example.controller.BookResourceRestTest" time="0.019"/>
  <testcase name="when POST a new Book, then returns 201" classname="example.controller.BookResourceRestTest" time="0.02"/>
  <testcase name="when POST an existing Book id, then returns 422" classname="example.controller.BookResourceRestTest" time="0.009"/>
  <testcase name="given Book id, when GET existing Book, then returns 200" classname="example.controller.BookResourceRestTest" time="0.007"/>
  <testcase name="given Book id, when GET non existing Book, then returns 404" classname="example.controller.BookResourceRestTest" time="0.006"/>
  <system-out><![CDATA[?[30m2023-02-09 22:40:24,175?[0;39m ?[34mINFO ?[0;39m [?[34mTest worker?[0;39m] ?[33morg.springframework.test.context.support.AbstractTestContextBootstrapper?[0;39m: []   Neither @ContextConfiguration nor @ContextHierarchy found for test class [example.controller.BookResourceRestTest], using SpringBootContextLoader
?[30m2023-02-09 22:40:24,175?[0;39m ?[34mINFO ?[0;39m [?[34mTest worker?[0;39m] ?[33morg.springframework.test.context.support.AbstractContextLoader?[0;39m: []   Could not detect default resource locations for test class [example.controller.BookResourceRestTest]: no resource found for suffixes {-context.xml, Context.groovy}.
?[30m2023-02-09 22:40:24,177?[0;39m ?[34mINFO ?[0;39m [?[34mTest worker?[0;39m] ?[33morg.springframework.test.context.support.AbstractTestContextBootstrapper?[0;39m: []   Loaded default TestExecutionListener class names from location [META-INF/spring.factories]: [org.springframework.boot.test.autoconfigure.restdocs.RestDocsTestExecutionListener, org.springframework.boot.test.autoconfigure.web.client.MockRestServiceServerResetTestExecutionListener, org.springframework.boot.test.autoconfigure.web.servlet.MockMvcPrintOnlyOnFailureTestExecutionListener, org.springframework.boot.test.autoconfigure.web.servlet.WebDriverTestExecutionListener, org.springframework.boot.test.autoconfigure.webservices.client.MockWebServiceServerTestExecutionListener, org.springframework.boot.test.mock.mockito.MockitoTestExecutionListener, org.springframework.boot.test.mock.mockito.ResetMocksTestExecutionListener, org.springframework.test.context.web.ServletTestExecutionListener, org.springframework.test.context.support.DirtiesContextBeforeModesTestExecutionListener, org.springframework.test.context.event.ApplicationEventsTestExecutionListener, org.springframework.test.context.support.DependencyInjectionTestExecutionListener, org.springframework.test.context.support.DirtiesContextTestExecutionListener, org.springframework.test.context.transaction.TransactionalTestExecutionListener, org.springframework.test.context.jdbc.SqlScriptsTestExecutionListener, org.springframework.test.context.event.EventPublishingTestExecutionListener]
?[30m2023-02-09 22:40:24,177?[0;39m ?[34mINFO ?[0;39m [?[34mTest worker?[0;39m] ?[33morg.springframework.test.context.support.AbstractTestContextBootstrapper?[0;39m: []   Using TestExecutionListeners: [org.springframework.test.context.web.ServletTestExecutionListener@16fba471, org.springframework.test.context.support.DirtiesContextBeforeModesTestExecutionListener@4cbfbbb4, org.springframework.test.context.event.ApplicationEventsTestExecutionListener@239ba93b, org.springframework.boot.test.mock.mockito.MockitoTestExecutionListener@c9de63, org.springframework.boot.test.autoconfigure.SpringBootDependencyInjectionTestExecutionListener@4b5a3a27, org.springframework.test.context.support.DirtiesContextTestExecutionListener@7a895ae3, org.springframework.test.context.transaction.TransactionalTestExecutionListener@425f6f8, org.springframework.test.context.jdbc.SqlScriptsTestExecutionListener@4ad10ad9, org.springframework.test.context.event.EventPublishingTestExecutionListener@50409aa6, org.springframework.boot.test.autoconfigure.restdocs.RestDocsTestExecutionListener@602e9c0f, org.springframework.boot.test.autoconfigure.web.client.MockRestServiceServerResetTestExecutionListener@4b9724c4, org.springframework.boot.test.autoconfigure.web.servlet.MockMvcPrintOnlyOnFailureTestExecutionListener@95278ad, org.springframework.boot.test.autoconfigure.web.servlet.WebDriverTestExecutionListener@5d13568b, org.springframework.boot.test.autoconfigure.webservices.client.MockWebServiceServerTestExecutionListener@494977c2, org.springframework.boot.test.mock.mockito.ResetMocksTestExecutionListener@3b8adb2b]
?[30m2023-02-09 22:40:24,180?[0;39m ?[34mINFO ?[0;39m [?[34mhttp-nio-auto-1-exec-5?[0;39m] ?[33mexample.controller.BookResource?[0;39m: []   GET /api/v1/books
Hibernate: select book0_.id as id1_1_, book0_.author_id as author_i6_1_, book0_.description as descript2_1_, book0_.genre as genre3_1_, book0_.price as price4_1_, book0_.title as title5_1_ from book book0_
Hibernate: select author0_.id as id1_0_0_, author0_.email as email2_0_0_, author0_.first_name as first_na3_0_0_, author0_.last_name as last_nam4_0_0_ from author author0_ where author0_.id=?
?[30m2023-02-09 22:40:24,212?[0;39m ?[34mINFO ?[0;39m [?[34mhttp-nio-auto-1-exec-6?[0;39m] ?[33mexample.controller.BookResource?[0;39m: []   POST /api/v1/books : BookDto(id=null, title=title1, description=example, genre=Romance, price=10, author=AuthorDto(id=1, firstName=null, lastName=null, email=null))
Hibernate: insert into book (id, author_id, description, genre, price, title) values (default, ?, ?, ?, ?, ?)
?[30m2023-02-09 22:40:24,221?[0;39m ?[34mINFO ?[0;39m [?[34mhttp-nio-auto-1-exec-7?[0;39m] ?[33mexample.controller.BookResource?[0;39m: []   POST /api/v1/books : BookDto(id=1, title=title1, description=example, genre=Romance, price=10, author=AuthorDto(id=1, firstName=null, lastName=null, email=null))
Hibernate: select book0_.id as id1_1_0_, book0_.author_id as author_i6_1_0_, book0_.description as descript2_1_0_, book0_.genre as genre3_1_0_, book0_.price as price4_1_0_, book0_.title as title5_1_0_, author1_.id as id1_0_1_, author1_.email as email2_0_1_, author1_.first_name as first_na3_0_1_, author1_.last_name as last_nam4_0_1_ from book book0_ inner join author author1_ on book0_.author_id=author1_.id where book0_.id=?
?[30m2023-02-09 22:40:24,231?[0;39m ?[34mINFO ?[0;39m [?[34mhttp-nio-auto-1-exec-8?[0;39m] ?[33mexample.controller.BookResource?[0;39m: []   GET /api/v1/books/1
Hibernate: select book0_.id as id1_1_0_, book0_.author_id as author_i6_1_0_, book0_.description as descript2_1_0_, book0_.genre as genre3_1_0_, book0_.price as price4_1_0_, book0_.title as title5_1_0_, author1_.id as id1_0_1_, author1_.email as email2_0_1_, author1_.first_name as first_na3_0_1_, author1_.last_name as last_nam4_0_1_ from book book0_ inner join author author1_ on book0_.author_id=author1_.id where book0_.id=?
?[30m2023-02-09 22:40:24,237?[0;39m ?[34mINFO ?[0;39m [?[34mhttp-nio-auto-1-exec-9?[0;39m] ?[33mexample.controller.BookResource?[0;39m: []   GET /api/v1/books/404
Hibernate: select book0_.id as id1_1_0_, book0_.author_id as author_i6_1_0_, book0_.description as descript2_1_0_, book0_.genre as genre3_1_0_, book0_.price as price4_1_0_, book0_.title as title5_1_0_, author1_.id as id1_0_1_, author1_.email as email2_0_1_, author1_.first_name as first_na3_0_1_, author1_.last_name as last_nam4_0_1_ from book book0_ inner join author author1_ on book0_.author_id=author1_.id where book0_.id=?
]]></system-out>
  <system-err><![CDATA[]]></system-err>
</testsuite>
